<?xml version="1.0" encoding="UTF-8"?>
<!-- Generated by org.testng.reporters.JUnitReportReporter -->
<testsuite skipped="0" hostname="Shripathis-MBP" name="TestSpeakNumbers" tests="3" failures="0" timestamp="08 Dec 2017 15:22:40 GMT" time="0.030" errors="0">
  <testcase name="testSpeakOutOfRange" time="0.019" classname="TestSpeakNumbers"/>
  <testcase name="testSpeakExit" time="0.001" classname="TestSpeakNumbers"/>
  <testcase name="testSpeak" time="0.010" classname="TestSpeakNumbers"/>
</testsuite> <!-- TestSpeakNumbers -->
